Arguments: 
  /usr/bin/node /usr/bin/yarn add react react-dom styled-components @babel-polyfill

PATH: 
  /usr/local/sbin:/usr/local/bin:/usr/sbin:/usr/bin:/sbin:/bin:/usr/games:/usr/local/games:/snap/bin

Yarn version: 
  1.22.10

Node version: 
  15.14.0

Platform: 
  linux x64

Trace: 
  Error: https://registry.yarnpkg.com/@babel-polyfill: Request "https://registry.yarnpkg.com/@babel-polyfill" returned a 405
      at Request.params.callback [as _callback] (/usr/lib/node_modules/yarn/lib/cli.js:66997:18)
      at Request.self.callback (/usr/lib/node_modules/yarn/lib/cli.js:140662:22)
      at Request.emit (node:events:369:20)
      at Request.<anonymous> (/usr/lib/node_modules/yarn/lib/cli.js:141634:10)
      at Request.emit (node:events:369:20)
      at IncomingMessage.<anonymous> (/usr/lib/node_modules/yarn/lib/cli.js:141556:12)
      at Object.onceWrapper (node:events:475:28)
      at IncomingMessage.emit (node:events:381:22)
      at endReadableNT (node:internal/streams/readable:1307:12)
      at processTicksAndRejections (node:internal/process/task_queues:81:21)

npm manifest: 
  {
    "name": "game-ts",
    "version": "1.0.0",
    "main": "index.js",
    "author": "Abraham",
    "license": "MIT"
  }

yarn manifest: 
  No manifest

Lockfile: 
  No lockfile
